Sun Jun  2 02:42:00 2019  
Sun Jun  2 02:42:00 2019  
Sun Jun  2 02:42:00 2019  Msieve v. 1.53 (SVN unknown)
Sun Jun  2 02:42:00 2019  random seeds: 67be2260 8b116804
Sun Jun  2 02:42:00 2019  factoring 1257668015437281697436098549975630679038878280154530268893879 (61 digits)
Sun Jun  2 02:42:00 2019  no P-1/P+1/ECM available, skipping
Sun Jun  2 02:42:00 2019  commencing quadratic sieve (61-digit input)
Sun Jun  2 02:42:00 2019  using multiplier of 7
Sun Jun  2 02:42:00 2019  using generic 32kb sieve core
Sun Jun  2 02:42:00 2019  sieve interval: 4 blocks of size 32768
Sun Jun  2 02:42:00 2019  processing polynomials in batches of 51
Sun Jun  2 02:42:00 2019  using a sieve bound of 58543 (3000 primes)
Sun Jun  2 02:42:00 2019  using large prime bound of 2927150 (21 bits)
Sun Jun  2 02:42:00 2019  using trial factoring cutoff of 21 bits
Sun Jun  2 02:42:00 2019  polynomial 'A' values have 8 factors
Sun Jun  2 02:42:03 2019  3142 relations (1425 full + 1717 combined from 14578 partial), need 3096
Sun Jun  2 02:42:03 2019  begin with 16003 relations
Sun Jun  2 02:42:03 2019  reduce to 4646 relations in 2 passes
Sun Jun  2 02:42:03 2019  attempting to read 4646 relations
Sun Jun  2 02:42:03 2019  recovered 4646 relations
Sun Jun  2 02:42:03 2019  recovered 4182 polynomials
Sun Jun  2 02:42:03 2019  attempting to build 3142 cycles
Sun Jun  2 02:42:03 2019  found 3142 cycles in 1 passes
Sun Jun  2 02:42:03 2019  distribution of cycle lengths:
Sun Jun  2 02:42:03 2019     length 1 : 1425
Sun Jun  2 02:42:03 2019     length 2 : 1717
Sun Jun  2 02:42:03 2019  largest cycle: 2 relations
Sun Jun  2 02:42:03 2019  matrix is 3000 x 3142 (0.4 MB) with weight 84342 (26.84/col)
Sun Jun  2 02:42:03 2019  sparse part has weight 84342 (26.84/col)
Sun Jun  2 02:42:03 2019  filtering completed in 3 passes
Sun Jun  2 02:42:03 2019  matrix is 2817 x 2881 (0.4 MB) with weight 76160 (26.44/col)
Sun Jun  2 02:42:03 2019  sparse part has weight 76160 (26.44/col)
Sun Jun  2 02:42:03 2019  commencing Lanczos iteration
Sun Jun  2 02:42:03 2019  memory use: 0.4 MB
Sun Jun  2 02:42:03 2019  lanczos halted after 46 iterations (dim = 2814)
Sun Jun  2 02:42:03 2019  recovered 63 nontrivial dependencies
Sun Jun  2 02:42:03 2019  p31 factor: 1082012060101246058140495848377
Sun Jun  2 02:42:03 2019  p31 factor: 1162341957001476634260794950127
Sun Jun  2 02:42:03 2019  elapsed time 00:00:03
Sun Jun  2 03:14:22 2019  
Sun Jun  2 03:14:22 2019  
Sun Jun  2 03:14:22 2019  Msieve v. 1.53 (SVN unknown)
Sun Jun  2 03:14:22 2019  random seeds: 19f653f7 70fc741f
Sun Jun  2 03:14:22 2019  factoring 98599990992595806121639999219919119977997976999297 (50 digits)
Sun Jun  2 03:14:22 2019  p1 factor: 7
Sun Jun  2 03:14:22 2019  p1 factor: 7
Sun Jun  2 03:14:22 2019  p2 factor: 73
Sun Jun  2 03:14:22 2019  p5 factor: 13127
Sun Jun  2 03:14:22 2019  p5 factor: 24917
Sun Jun  2 03:14:22 2019  p38 factor: 84274599575017273926866113954906060979
Sun Jun  2 03:14:22 2019  elapsed time 00:00:00
Sun Jun  2 03:14:30 2019  
Sun Jun  2 03:14:30 2019  
Sun Jun  2 03:14:30 2019  Msieve v. 1.53 (SVN unknown)
Sun Jun  2 03:14:30 2019  random seeds: 3bd5238f 34163cfa
Sun Jun  2 03:14:30 2019  factoring 98599990992595806121639999219919119977997976999297 (50 digits)
Sun Jun  2 03:14:30 2019  p1 factor: 7
Sun Jun  2 03:14:30 2019  p1 factor: 7
Sun Jun  2 03:14:30 2019  p2 factor: 73
Sun Jun  2 03:14:30 2019  p5 factor: 13127
Sun Jun  2 03:14:30 2019  p5 factor: 24917
Sun Jun  2 03:14:30 2019  p38 factor: 84274599575017273926866113954906060979
Sun Jun  2 03:14:30 2019  elapsed time 00:00:00
Sun Jun  2 03:15:11 2019  
Sun Jun  2 03:15:11 2019  
Sun Jun  2 03:15:11 2019  Msieve v. 1.53 (SVN unknown)
Sun Jun  2 03:15:11 2019  random seeds: 45056f31 0c895cc4
Sun Jun  2 03:15:11 2019  factoring 98599990992595806121639999219919119977997976999297 (50 digits)
Sun Jun  2 03:15:11 2019  p1 factor: 7
Sun Jun  2 03:15:11 2019  p1 factor: 7
Sun Jun  2 03:15:11 2019  p2 factor: 73
Sun Jun  2 03:15:11 2019  p5 factor: 13127
Sun Jun  2 03:15:11 2019  p5 factor: 24917
Sun Jun  2 03:15:11 2019  p38 factor: 84274599575017273926866113954906060979
Sun Jun  2 03:15:11 2019  elapsed time 00:00:00
Sun Jun  2 03:15:14 2019  
Sun Jun  2 03:15:14 2019  
Sun Jun  2 03:15:14 2019  Msieve v. 1.53 (SVN unknown)
Sun Jun  2 03:15:14 2019  random seeds: 463d69cb de07744c
Sun Jun  2 03:15:14 2019  factoring 98599990992595806121639999219919119977997976999297 (50 digits)
Sun Jun  2 03:15:14 2019  p1 factor: 7
Sun Jun  2 03:15:14 2019  p1 factor: 7
Sun Jun  2 03:15:14 2019  p2 factor: 73
Sun Jun  2 03:15:14 2019  p5 factor: 13127
Sun Jun  2 03:15:14 2019  p5 factor: 24917
Sun Jun  2 03:15:14 2019  p38 factor: 84274599575017273926866113954906060979
Sun Jun  2 03:15:14 2019  elapsed time 00:00:00
Sun Jun  2 03:15:15 2019  
Sun Jun  2 03:15:15 2019  
Sun Jun  2 03:15:15 2019  Msieve v. 1.53 (SVN unknown)
Sun Jun  2 03:15:15 2019  random seeds: 587a75ed c913f66b
Sun Jun  2 03:15:15 2019  factoring 98599990992595806121639999219919119977997976999297 (50 digits)
Sun Jun  2 03:15:15 2019  p1 factor: 7
Sun Jun  2 03:15:15 2019  p1 factor: 7
Sun Jun  2 03:15:15 2019  p2 factor: 73
Sun Jun  2 03:15:15 2019  p5 factor: 13127
Sun Jun  2 03:15:15 2019  p5 factor: 24917
Sun Jun  2 03:15:15 2019  p38 factor: 84274599575017273926866113954906060979
Sun Jun  2 03:15:15 2019  elapsed time 00:00:00
Sun Jun  2 03:15:16 2019  
Sun Jun  2 03:15:16 2019  
Sun Jun  2 03:15:16 2019  Msieve v. 1.53 (SVN unknown)
Sun Jun  2 03:15:16 2019  random seeds: baf5c6d2 8bce088f
Sun Jun  2 03:15:16 2019  factoring 98599990992595806121639999219919119977997976999297 (50 digits)
Sun Jun  2 03:15:16 2019  p1 factor: 7
Sun Jun  2 03:15:16 2019  p1 factor: 7
Sun Jun  2 03:15:16 2019  p2 factor: 73
Sun Jun  2 03:15:16 2019  p5 factor: 13127
Sun Jun  2 03:15:16 2019  p5 factor: 24917
Sun Jun  2 03:15:16 2019  p38 factor: 84274599575017273926866113954906060979
Sun Jun  2 03:15:16 2019  elapsed time 00:00:00
Sun Jun  2 03:15:17 2019  
Sun Jun  2 03:15:17 2019  
Sun Jun  2 03:15:17 2019  Msieve v. 1.53 (SVN unknown)
Sun Jun  2 03:15:17 2019  random seeds: b31f4f3d b442ef81
Sun Jun  2 03:15:17 2019  factoring 98599990992595806121639999219919119977997976999297 (50 digits)
Sun Jun  2 03:15:17 2019  p1 factor: 7
Sun Jun  2 03:15:17 2019  p1 factor: 7
Sun Jun  2 03:15:17 2019  p2 factor: 73
Sun Jun  2 03:15:17 2019  p5 factor: 13127
Sun Jun  2 03:15:17 2019  p5 factor: 24917
Sun Jun  2 03:15:17 2019  p38 factor: 84274599575017273926866113954906060979
Sun Jun  2 03:15:17 2019  elapsed time 00:00:00
Sun Jun  2 03:15:17 2019  
Sun Jun  2 03:15:17 2019  
Sun Jun  2 03:15:17 2019  Msieve v. 1.53 (SVN unknown)
Sun Jun  2 03:15:17 2019  random seeds: 63752954 35f7036a
Sun Jun  2 03:15:17 2019  factoring 98599990992595806121639999219919119977997976999297 (50 digits)
Sun Jun  2 03:15:17 2019  p1 factor: 7
Sun Jun  2 03:15:17 2019  p1 factor: 7
Sun Jun  2 03:15:17 2019  p2 factor: 73
Sun Jun  2 03:15:17 2019  p5 factor: 13127
Sun Jun  2 03:15:17 2019  p5 factor: 24917
Sun Jun  2 03:15:17 2019  p38 factor: 84274599575017273926866113954906060979
Sun Jun  2 03:15:17 2019  elapsed time 00:00:00
Sun Jun  2 03:15:18 2019  
Sun Jun  2 03:15:18 2019  
Sun Jun  2 03:15:18 2019  Msieve v. 1.53 (SVN unknown)
Sun Jun  2 03:15:18 2019  random seeds: 7b8df1d7 cf695fc7
Sun Jun  2 03:15:18 2019  factoring 98599990992595806121639999219919119977997976999297 (50 digits)
Sun Jun  2 03:15:18 2019  p1 factor: 7
Sun Jun  2 03:15:18 2019  p1 factor: 7
Sun Jun  2 03:15:18 2019  p2 factor: 73
Sun Jun  2 03:15:18 2019  p5 factor: 13127
Sun Jun  2 03:15:18 2019  p5 factor: 24917
Sun Jun  2 03:15:18 2019  p38 factor: 84274599575017273926866113954906060979
Sun Jun  2 03:15:18 2019  elapsed time 00:00:00
Sun Jun  2 03:15:18 2019  
Sun Jun  2 03:15:18 2019  
Sun Jun  2 03:15:18 2019  Msieve v. 1.53 (SVN unknown)
Sun Jun  2 03:15:18 2019  random seeds: 0a572d3d 32a9c471
Sun Jun  2 03:15:18 2019  factoring 98599990992595806121639999219919119977997976999297 (50 digits)
Sun Jun  2 03:15:18 2019  p1 factor: 7
Sun Jun  2 03:15:18 2019  p1 factor: 7
Sun Jun  2 03:15:18 2019  p2 factor: 73
Sun Jun  2 03:15:18 2019  p5 factor: 13127
Sun Jun  2 03:15:18 2019  p5 factor: 24917
Sun Jun  2 03:15:18 2019  p38 factor: 84274599575017273926866113954906060979
Sun Jun  2 03:15:18 2019  elapsed time 00:00:00
Sun Jun  2 03:18:23 2019  
Sun Jun  2 03:18:23 2019  
Sun Jun  2 03:18:23 2019  Msieve v. 1.53 (SVN unknown)
Sun Jun  2 03:18:23 2019  random seeds: 076a762b 89236373
Sun Jun  2 03:18:23 2019  factoring 99389492013252890093430499951217968789149999761959 (50 digits)
Sun Jun  2 03:18:23 2019  p3 factor: 563
Sun Jun  2 03:18:23 2019  p5 factor: 31543
Sun Jun  2 03:18:23 2019  p7 factor: 2038579
Sun Jun  2 03:18:23 2019  p8 factor: 26672861
Sun Jun  2 03:18:23 2019  p30 factor: 102927620372575592104252272829
Sun Jun  2 03:18:23 2019  elapsed time 00:00:00
Sun Jun  2 03:22:25 2019  
Sun Jun  2 03:22:25 2019  
Sun Jun  2 03:22:25 2019  Msieve v. 1.53 (SVN unknown)
Sun Jun  2 03:22:25 2019  random seeds: a1c37f51 063d9689
Sun Jun  2 03:22:25 2019  factoring 1508134182474900210547672943293832004731566184565306141045139 (61 digits)
Sun Jun  2 03:22:25 2019  no P-1/P+1/ECM available, skipping
Sun Jun  2 03:22:25 2019  commencing quadratic sieve (61-digit input)
Sun Jun  2 03:22:25 2019  using multiplier of 1
Sun Jun  2 03:22:25 2019  using generic 32kb sieve core
Sun Jun  2 03:22:25 2019  sieve interval: 4 blocks of size 32768
Sun Jun  2 03:22:25 2019  processing polynomials in batches of 51
Sun Jun  2 03:22:25 2019  using a sieve bound of 58441 (3000 primes)
Sun Jun  2 03:22:25 2019  using large prime bound of 2922050 (21 bits)
Sun Jun  2 03:22:25 2019  using trial factoring cutoff of 21 bits
Sun Jun  2 03:22:25 2019  polynomial 'A' values have 8 factors
Sun Jun  2 03:22:28 2019  3210 relations (1678 full + 1532 combined from 12955 partial), need 3096
Sun Jun  2 03:22:28 2019  begin with 14633 relations
Sun Jun  2 03:22:28 2019  reduce to 4539 relations in 2 passes
Sun Jun  2 03:22:28 2019  attempting to read 4539 relations
Sun Jun  2 03:22:28 2019  recovered 4539 relations
Sun Jun  2 03:22:28 2019  recovered 3940 polynomials
Sun Jun  2 03:22:28 2019  attempting to build 3210 cycles
Sun Jun  2 03:22:28 2019  found 3210 cycles in 1 passes
Sun Jun  2 03:22:28 2019  distribution of cycle lengths:
Sun Jun  2 03:22:28 2019     length 1 : 1678
Sun Jun  2 03:22:28 2019     length 2 : 1532
Sun Jun  2 03:22:28 2019  largest cycle: 2 relations
Sun Jun  2 03:22:28 2019  matrix is 3000 x 3210 (0.4 MB) with weight 83908 (26.14/col)
Sun Jun  2 03:22:28 2019  sparse part has weight 83908 (26.14/col)
Sun Jun  2 03:22:28 2019  filtering completed in 4 passes
Sun Jun  2 03:22:28 2019  matrix is 2792 x 2856 (0.4 MB) with weight 72556 (25.40/col)
Sun Jun  2 03:22:28 2019  sparse part has weight 72556 (25.40/col)
Sun Jun  2 03:22:28 2019  commencing Lanczos iteration
Sun Jun  2 03:22:28 2019  memory use: 0.4 MB
Sun Jun  2 03:22:28 2019  lanczos halted after 46 iterations (dim = 2787)
Sun Jun  2 03:22:28 2019  recovered 62 nontrivial dependencies
Sun Jun  2 03:22:28 2019  p31 factor: 1216177092386283892906790902697
Sun Jun  2 03:22:28 2019  p31 factor: 1240061329814856019853084346587
Sun Jun  2 03:22:28 2019  elapsed time 00:00:03
Sun Jun  2 03:39:07 2019  
Sun Jun  2 03:39:07 2019  
Sun Jun  2 03:39:07 2019  Msieve v. 1.53 (SVN unknown)
Sun Jun  2 03:39:07 2019  random seeds: d3f0e892 81b5a827
Sun Jun  2 03:39:07 2019  factoring 94626960559776929903909339609389924919929971804499 (50 digits)
Sun Jun  2 03:39:07 2019  no P-1/P+1/ECM available, skipping
Sun Jun  2 03:39:07 2019  commencing quadratic sieve (32-digit input)
Sun Jun  2 03:39:07 2019  using multiplier of 1
Sun Jun  2 03:39:07 2019  using generic 32kb sieve core
Sun Jun  2 03:39:07 2019  sieve interval: 4 blocks of size 32768
Sun Jun  2 03:39:07 2019  processing polynomials in batches of 51
Sun Jun  2 03:39:07 2019  using a sieve bound of 4999 (330 primes)
Sun Jun  2 03:39:07 2019  using large prime bound of 199960 (17 bits)
Sun Jun  2 03:39:07 2019  polynomial 'A' values have 4 factors
Sun Jun  2 03:39:08 2019  596 relations (232 full + 364 combined from 2108 partial), need 426
Sun Jun  2 03:39:08 2019  begin with 2340 relations
Sun Jun  2 03:39:08 2019  reduce to 877 relations in 2 passes
Sun Jun  2 03:39:08 2019  attempting to read 877 relations
Sun Jun  2 03:39:08 2019  recovered 877 relations
Sun Jun  2 03:39:08 2019  recovered 16 polynomials
Sun Jun  2 03:39:08 2019  attempting to build 596 cycles
Sun Jun  2 03:39:08 2019  found 596 cycles in 1 passes
Sun Jun  2 03:39:08 2019  distribution of cycle lengths:
Sun Jun  2 03:39:08 2019     length 1 : 232
Sun Jun  2 03:39:08 2019     length 2 : 364
Sun Jun  2 03:39:08 2019  largest cycle: 2 relations
Sun Jun  2 03:39:08 2019  matrix is 330 x 596 (0.0 MB) with weight 8291 (13.91/col)
Sun Jun  2 03:39:08 2019  sparse part has weight 8291 (13.91/col)
Sun Jun  2 03:39:08 2019  filtering completed in 3 passes
Sun Jun  2 03:39:08 2019  matrix is 305 x 369 (0.0 MB) with weight 4430 (12.01/col)
Sun Jun  2 03:39:08 2019  sparse part has weight 4430 (12.01/col)
Sun Jun  2 03:39:08 2019  commencing Lanczos iteration
Sun Jun  2 03:39:08 2019  memory use: 0.0 MB
Sun Jun  2 03:39:08 2019  lanczos halted after 6 iterations (dim = 300)
Sun Jun  2 03:39:08 2019  recovered 60 nontrivial dependencies
Sun Jun  2 03:39:08 2019  p3 factor: 179
Sun Jun  2 03:39:08 2019  p3 factor: 347
Sun Jun  2 03:39:08 2019  p6 factor: 990151
Sun Jun  2 03:39:08 2019  p8 factor: 25830757
Sun Jun  2 03:39:08 2019  p16 factor: 2351377476303203
Sun Jun  2 03:39:08 2019  p17 factor: 25332115927327163
Sun Jun  2 03:39:08 2019  elapsed time 00:00:01
Sun Jun  2 03:41:50 2019  
Sun Jun  2 03:41:50 2019  
Sun Jun  2 03:41:50 2019  Msieve v. 1.53 (SVN unknown)
Sun Jun  2 03:41:50 2019  random seeds: 11161e38 c0f42e8c
Sun Jun  2 03:41:50 2019  factoring 99990849789899199981998409908829996923940929649099 (50 digits)
Sun Jun  2 03:41:50 2019  no P-1/P+1/ECM available, skipping
Sun Jun  2 03:41:50 2019  commencing quadratic sieve (47-digit input)
Sun Jun  2 03:41:50 2019  using multiplier of 1
Sun Jun  2 03:41:50 2019  using generic 32kb sieve core
Sun Jun  2 03:41:50 2019  sieve interval: 4 blocks of size 32768
Sun Jun  2 03:41:50 2019  processing polynomials in batches of 51
Sun Jun  2 03:41:50 2019  using a sieve bound of 22739 (1267 primes)
Sun Jun  2 03:41:50 2019  using large prime bound of 909560 (19 bits)
Sun Jun  2 03:41:50 2019  using trial factoring cutoff of 20 bits
Sun Jun  2 03:41:50 2019  polynomial 'A' values have 6 factors
Sun Jun  2 03:41:50 2019  1428 relations (749 full + 679 combined from 5554 partial), need 1363
Sun Jun  2 03:41:50 2019  begin with 6303 relations
Sun Jun  2 03:41:50 2019  reduce to 2013 relations in 2 passes
Sun Jun  2 03:41:50 2019  attempting to read 2013 relations
Sun Jun  2 03:41:50 2019  recovered 2013 relations
Sun Jun  2 03:41:50 2019  recovered 803 polynomials
Sun Jun  2 03:41:50 2019  attempting to build 1428 cycles
Sun Jun  2 03:41:50 2019  found 1428 cycles in 1 passes
Sun Jun  2 03:41:50 2019  distribution of cycle lengths:
Sun Jun  2 03:41:50 2019     length 1 : 749
Sun Jun  2 03:41:50 2019     length 2 : 679
Sun Jun  2 03:41:50 2019  largest cycle: 2 relations
Sun Jun  2 03:41:50 2019  matrix is 1267 x 1428 (0.2 MB) with weight 29257 (20.49/col)
Sun Jun  2 03:41:50 2019  sparse part has weight 29257 (20.49/col)
Sun Jun  2 03:41:50 2019  filtering completed in 3 passes
Sun Jun  2 03:41:50 2019  matrix is 1170 x 1234 (0.1 MB) with weight 24253 (19.65/col)
Sun Jun  2 03:41:50 2019  sparse part has weight 24253 (19.65/col)
Sun Jun  2 03:41:50 2019  commencing Lanczos iteration
Sun Jun  2 03:41:50 2019  memory use: 0.1 MB
Sun Jun  2 03:41:50 2019  lanczos halted after 20 iterations (dim = 1166)
Sun Jun  2 03:41:50 2019  recovered 61 nontrivial dependencies
Sun Jun  2 03:41:50 2019  p1 factor: 3
Sun Jun  2 03:41:50 2019  p2 factor: 19
Sun Jun  2 03:41:50 2019  p2 factor: 19
Sun Jun  2 03:41:50 2019  p15 factor: 406107897073223
Sun Jun  2 03:41:50 2019  p33 factor: 227347596868640201451477370621511
Sun Jun  2 03:41:50 2019  elapsed time 00:00:00
Sun Jun  2 03:41:54 2019  
Sun Jun  2 03:41:54 2019  
Sun Jun  2 03:41:54 2019  Msieve v. 1.53 (SVN unknown)
Sun Jun  2 03:41:54 2019  random seeds: 9841998b b10a4757
Sun Jun  2 03:41:54 2019  factoring 99990849789899199981998409908829996923940929649099 (50 digits)
Sun Jun  2 03:41:54 2019  no P-1/P+1/ECM available, skipping
Sun Jun  2 03:41:54 2019  commencing quadratic sieve (47-digit input)
Sun Jun  2 03:41:54 2019  using multiplier of 1
Sun Jun  2 03:41:54 2019  using generic 32kb sieve core
Sun Jun  2 03:41:54 2019  sieve interval: 4 blocks of size 32768
Sun Jun  2 03:41:54 2019  processing polynomials in batches of 51
Sun Jun  2 03:41:54 2019  using a sieve bound of 22739 (1267 primes)
Sun Jun  2 03:41:54 2019  using large prime bound of 909560 (19 bits)
Sun Jun  2 03:41:54 2019  using trial factoring cutoff of 20 bits
Sun Jun  2 03:41:54 2019  polynomial 'A' values have 6 factors
Sun Jun  2 03:41:54 2019  restarting with 749 full and 5554 partial relations
Sun Jun  2 03:41:54 2019  1428 relations (749 full + 679 combined from 5554 partial), need 1363
Sun Jun  2 03:41:54 2019  begin with 6303 relations
Sun Jun  2 03:41:54 2019  reduce to 2013 relations in 2 passes
Sun Jun  2 03:41:54 2019  attempting to read 2013 relations
Sun Jun  2 03:41:54 2019  recovered 2013 relations
Sun Jun  2 03:41:54 2019  recovered 803 polynomials
Sun Jun  2 03:41:54 2019  attempting to build 1428 cycles
Sun Jun  2 03:41:54 2019  found 1428 cycles in 1 passes
Sun Jun  2 03:41:54 2019  distribution of cycle lengths:
Sun Jun  2 03:41:54 2019     length 1 : 749
Sun Jun  2 03:41:54 2019     length 2 : 679
Sun Jun  2 03:41:54 2019  largest cycle: 2 relations
Sun Jun  2 03:41:54 2019  matrix is 1267 x 1428 (0.2 MB) with weight 29257 (20.49/col)
Sun Jun  2 03:41:54 2019  sparse part has weight 29257 (20.49/col)
Sun Jun  2 03:41:54 2019  filtering completed in 3 passes
Sun Jun  2 03:41:54 2019  matrix is 1170 x 1234 (0.1 MB) with weight 24253 (19.65/col)
Sun Jun  2 03:41:54 2019  sparse part has weight 24253 (19.65/col)
Sun Jun  2 03:41:54 2019  commencing Lanczos iteration
Sun Jun  2 03:41:54 2019  memory use: 0.1 MB
Sun Jun  2 03:41:54 2019  lanczos halted after 20 iterations (dim = 1166)
Sun Jun  2 03:41:54 2019  recovered 61 nontrivial dependencies
Sun Jun  2 03:41:54 2019  p1 factor: 3
Sun Jun  2 03:41:54 2019  p2 factor: 19
Sun Jun  2 03:41:54 2019  p2 factor: 19
Sun Jun  2 03:41:54 2019  p15 factor: 406107897073223
Sun Jun  2 03:41:54 2019  p33 factor: 227347596868640201451477370621511
Sun Jun  2 03:41:54 2019  elapsed time 00:00:00
Sun Jun  2 03:41:59 2019  
Sun Jun  2 03:41:59 2019  
Sun Jun  2 03:41:59 2019  Msieve v. 1.53 (SVN unknown)
Sun Jun  2 03:41:59 2019  random seeds: aa618894 f6b96242
Sun Jun  2 03:41:59 2019  factoring 99990849789899199981998409908829996923940929649099 (50 digits)
Sun Jun  2 03:41:59 2019  no P-1/P+1/ECM available, skipping
Sun Jun  2 03:41:59 2019  commencing quadratic sieve (47-digit input)
Sun Jun  2 03:41:59 2019  using multiplier of 1
Sun Jun  2 03:41:59 2019  using generic 32kb sieve core
Sun Jun  2 03:41:59 2019  sieve interval: 4 blocks of size 32768
Sun Jun  2 03:41:59 2019  processing polynomials in batches of 51
Sun Jun  2 03:41:59 2019  using a sieve bound of 22739 (1267 primes)
Sun Jun  2 03:41:59 2019  using large prime bound of 909560 (19 bits)
Sun Jun  2 03:41:59 2019  using trial factoring cutoff of 20 bits
Sun Jun  2 03:41:59 2019  polynomial 'A' values have 6 factors
Sun Jun  2 03:41:59 2019  restarting with 749 full and 5554 partial relations
Sun Jun  2 03:41:59 2019  1428 relations (749 full + 679 combined from 5554 partial), need 1363
Sun Jun  2 03:41:59 2019  begin with 6303 relations
Sun Jun  2 03:41:59 2019  reduce to 2013 relations in 2 passes
Sun Jun  2 03:41:59 2019  attempting to read 2013 relations
Sun Jun  2 03:41:59 2019  recovered 2013 relations
Sun Jun  2 03:41:59 2019  recovered 803 polynomials
Sun Jun  2 03:41:59 2019  attempting to build 1428 cycles
Sun Jun  2 03:41:59 2019  found 1428 cycles in 1 passes
Sun Jun  2 03:41:59 2019  distribution of cycle lengths:
Sun Jun  2 03:41:59 2019     length 1 : 749
Sun Jun  2 03:41:59 2019     length 2 : 679
Sun Jun  2 03:41:59 2019  largest cycle: 2 relations
Sun Jun  2 03:41:59 2019  matrix is 1267 x 1428 (0.2 MB) with weight 29257 (20.49/col)
Sun Jun  2 03:41:59 2019  sparse part has weight 29257 (20.49/col)
Sun Jun  2 03:41:59 2019  filtering completed in 3 passes
Sun Jun  2 03:41:59 2019  matrix is 1170 x 1234 (0.1 MB) with weight 24253 (19.65/col)
Sun Jun  2 03:41:59 2019  sparse part has weight 24253 (19.65/col)
Sun Jun  2 03:41:59 2019  commencing Lanczos iteration
Sun Jun  2 03:41:59 2019  memory use: 0.1 MB
Sun Jun  2 03:41:59 2019  lanczos halted after 20 iterations (dim = 1166)
Sun Jun  2 03:41:59 2019  recovered 61 nontrivial dependencies
Sun Jun  2 03:41:59 2019  p1 factor: 3
Sun Jun  2 03:41:59 2019  p2 factor: 19
Sun Jun  2 03:41:59 2019  p2 factor: 19
Sun Jun  2 03:41:59 2019  p15 factor: 406107897073223
Sun Jun  2 03:41:59 2019  p33 factor: 227347596868640201451477370621511
Sun Jun  2 03:41:59 2019  elapsed time 00:00:00
Sun Jun  2 03:42:01 2019  
Sun Jun  2 03:42:01 2019  
Sun Jun  2 03:42:01 2019  Msieve v. 1.53 (SVN unknown)
Sun Jun  2 03:42:01 2019  random seeds: ac0a859c 796f268c
Sun Jun  2 03:42:01 2019  factoring 99990849789899199981998409908829996923940929649099 (50 digits)
Sun Jun  2 03:42:01 2019  no P-1/P+1/ECM available, skipping
Sun Jun  2 03:42:01 2019  commencing quadratic sieve (47-digit input)
Sun Jun  2 03:42:01 2019  using multiplier of 1
Sun Jun  2 03:42:01 2019  using generic 32kb sieve core
Sun Jun  2 03:42:01 2019  sieve interval: 4 blocks of size 32768
Sun Jun  2 03:42:01 2019  processing polynomials in batches of 51
Sun Jun  2 03:42:01 2019  using a sieve bound of 22739 (1267 primes)
Sun Jun  2 03:42:01 2019  using large prime bound of 909560 (19 bits)
Sun Jun  2 03:42:01 2019  using trial factoring cutoff of 20 bits
Sun Jun  2 03:42:01 2019  polynomial 'A' values have 6 factors
Sun Jun  2 03:42:01 2019  restarting with 749 full and 5554 partial relations
Sun Jun  2 03:42:01 2019  1428 relations (749 full + 679 combined from 5554 partial), need 1363
Sun Jun  2 03:42:01 2019  begin with 6303 relations
Sun Jun  2 03:42:01 2019  reduce to 2013 relations in 2 passes
Sun Jun  2 03:42:01 2019  attempting to read 2013 relations
Sun Jun  2 03:42:01 2019  recovered 2013 relations
Sun Jun  2 03:42:01 2019  recovered 803 polynomials
Sun Jun  2 03:42:01 2019  attempting to build 1428 cycles
Sun Jun  2 03:42:01 2019  found 1428 cycles in 1 passes
Sun Jun  2 03:42:01 2019  distribution of cycle lengths:
Sun Jun  2 03:42:01 2019     length 1 : 749
Sun Jun  2 03:42:01 2019     length 2 : 679
Sun Jun  2 03:42:01 2019  largest cycle: 2 relations
Sun Jun  2 03:42:01 2019  matrix is 1267 x 1428 (0.2 MB) with weight 29257 (20.49/col)
Sun Jun  2 03:42:01 2019  sparse part has weight 29257 (20.49/col)
Sun Jun  2 03:42:01 2019  filtering completed in 3 passes
Sun Jun  2 03:42:01 2019  matrix is 1170 x 1234 (0.1 MB) with weight 24253 (19.65/col)
Sun Jun  2 03:42:01 2019  sparse part has weight 24253 (19.65/col)
Sun Jun  2 03:42:01 2019  commencing Lanczos iteration
Sun Jun  2 03:42:01 2019  memory use: 0.1 MB
Sun Jun  2 03:42:01 2019  lanczos halted after 20 iterations (dim = 1166)
Sun Jun  2 03:42:01 2019  recovered 61 nontrivial dependencies
Sun Jun  2 03:42:01 2019  p1 factor: 3
Sun Jun  2 03:42:01 2019  p2 factor: 19
Sun Jun  2 03:42:01 2019  p2 factor: 19
Sun Jun  2 03:42:01 2019  p15 factor: 406107897073223
Sun Jun  2 03:42:01 2019  p33 factor: 227347596868640201451477370621511
Sun Jun  2 03:42:01 2019  elapsed time 00:00:00
Sun Jun  2 03:42:03 2019  
Sun Jun  2 03:42:03 2019  
Sun Jun  2 03:42:03 2019  Msieve v. 1.53 (SVN unknown)
Sun Jun  2 03:42:03 2019  random seeds: a8fee46d 1f3570a7
Sun Jun  2 03:42:03 2019  factoring 99990849789899199981998409908829996923940929649099 (50 digits)
Sun Jun  2 03:42:03 2019  no P-1/P+1/ECM available, skipping
Sun Jun  2 03:42:03 2019  commencing quadratic sieve (47-digit input)
Sun Jun  2 03:42:03 2019  using multiplier of 1
Sun Jun  2 03:42:03 2019  using generic 32kb sieve core
Sun Jun  2 03:42:03 2019  sieve interval: 4 blocks of size 32768
Sun Jun  2 03:42:03 2019  processing polynomials in batches of 51
Sun Jun  2 03:42:03 2019  using a sieve bound of 22739 (1267 primes)
Sun Jun  2 03:42:03 2019  using large prime bound of 909560 (19 bits)
Sun Jun  2 03:42:03 2019  using trial factoring cutoff of 20 bits
Sun Jun  2 03:42:03 2019  polynomial 'A' values have 6 factors
Sun Jun  2 03:42:03 2019  restarting with 749 full and 5554 partial relations
Sun Jun  2 03:42:03 2019  1428 relations (749 full + 679 combined from 5554 partial), need 1363
Sun Jun  2 03:42:03 2019  begin with 6303 relations
Sun Jun  2 03:42:03 2019  reduce to 2013 relations in 2 passes
Sun Jun  2 03:42:03 2019  attempting to read 2013 relations
Sun Jun  2 03:42:03 2019  recovered 2013 relations
Sun Jun  2 03:42:03 2019  recovered 803 polynomials
Sun Jun  2 03:42:03 2019  attempting to build 1428 cycles
Sun Jun  2 03:42:03 2019  found 1428 cycles in 1 passes
Sun Jun  2 03:42:03 2019  distribution of cycle lengths:
Sun Jun  2 03:42:03 2019     length 1 : 749
Sun Jun  2 03:42:03 2019     length 2 : 679
Sun Jun  2 03:42:03 2019  largest cycle: 2 relations
Sun Jun  2 03:42:03 2019  matrix is 1267 x 1428 (0.2 MB) with weight 29257 (20.49/col)
Sun Jun  2 03:42:03 2019  sparse part has weight 29257 (20.49/col)
Sun Jun  2 03:42:03 2019  filtering completed in 3 passes
Sun Jun  2 03:42:03 2019  matrix is 1170 x 1234 (0.1 MB) with weight 24253 (19.65/col)
Sun Jun  2 03:42:03 2019  sparse part has weight 24253 (19.65/col)
Sun Jun  2 03:42:03 2019  commencing Lanczos iteration
Sun Jun  2 03:42:03 2019  memory use: 0.1 MB
Sun Jun  2 03:42:03 2019  lanczos halted after 20 iterations (dim = 1166)
Sun Jun  2 03:42:03 2019  recovered 61 nontrivial dependencies
Sun Jun  2 03:42:03 2019  p1 factor: 3
Sun Jun  2 03:42:03 2019  p2 factor: 19
Sun Jun  2 03:42:03 2019  p2 factor: 19
Sun Jun  2 03:42:03 2019  p15 factor: 406107897073223
Sun Jun  2 03:42:03 2019  p33 factor: 227347596868640201451477370621511
Sun Jun  2 03:42:03 2019  elapsed time 00:00:00
Sun Jun  2 03:42:04 2019  
Sun Jun  2 03:42:04 2019  
Sun Jun  2 03:42:04 2019  Msieve v. 1.53 (SVN unknown)
Sun Jun  2 03:42:04 2019  random seeds: d3e05342 a14a06b6
Sun Jun  2 03:42:04 2019  factoring 99990849789899199981998409908829996923940929649099 (50 digits)
Sun Jun  2 03:42:04 2019  no P-1/P+1/ECM available, skipping
Sun Jun  2 03:42:04 2019  commencing quadratic sieve (47-digit input)
Sun Jun  2 03:42:04 2019  using multiplier of 1
Sun Jun  2 03:42:04 2019  using generic 32kb sieve core
Sun Jun  2 03:42:04 2019  sieve interval: 4 blocks of size 32768
Sun Jun  2 03:42:04 2019  processing polynomials in batches of 51
Sun Jun  2 03:42:04 2019  using a sieve bound of 22739 (1267 primes)
Sun Jun  2 03:42:04 2019  using large prime bound of 909560 (19 bits)
Sun Jun  2 03:42:04 2019  using trial factoring cutoff of 20 bits
Sun Jun  2 03:42:04 2019  polynomial 'A' values have 6 factors
Sun Jun  2 03:42:04 2019  restarting with 749 full and 5554 partial relations
Sun Jun  2 03:42:04 2019  1428 relations (749 full + 679 combined from 5554 partial), need 1363
Sun Jun  2 03:42:04 2019  begin with 6303 relations
Sun Jun  2 03:42:04 2019  reduce to 2013 relations in 2 passes
Sun Jun  2 03:42:04 2019  attempting to read 2013 relations
Sun Jun  2 03:42:04 2019  recovered 2013 relations
Sun Jun  2 03:42:04 2019  recovered 803 polynomials
Sun Jun  2 03:42:04 2019  attempting to build 1428 cycles
Sun Jun  2 03:42:04 2019  found 1428 cycles in 1 passes
Sun Jun  2 03:42:04 2019  distribution of cycle lengths:
Sun Jun  2 03:42:04 2019     length 1 : 749
Sun Jun  2 03:42:04 2019     length 2 : 679
Sun Jun  2 03:42:04 2019  largest cycle: 2 relations
Sun Jun  2 03:42:04 2019  matrix is 1267 x 1428 (0.2 MB) with weight 29257 (20.49/col)
Sun Jun  2 03:42:04 2019  sparse part has weight 29257 (20.49/col)
Sun Jun  2 03:42:04 2019  filtering completed in 3 passes
Sun Jun  2 03:42:04 2019  matrix is 1170 x 1234 (0.1 MB) with weight 24253 (19.65/col)
Sun Jun  2 03:42:04 2019  sparse part has weight 24253 (19.65/col)
Sun Jun  2 03:42:04 2019  commencing Lanczos iteration
Sun Jun  2 03:42:04 2019  memory use: 0.1 MB
Sun Jun  2 03:42:04 2019  lanczos halted after 20 iterations (dim = 1166)
Sun Jun  2 03:42:04 2019  recovered 61 nontrivial dependencies
Sun Jun  2 03:42:04 2019  p1 factor: 3
Sun Jun  2 03:42:04 2019  p2 factor: 19
Sun Jun  2 03:42:04 2019  p2 factor: 19
Sun Jun  2 03:42:04 2019  p15 factor: 406107897073223
Sun Jun  2 03:42:04 2019  p33 factor: 227347596868640201451477370621511
Sun Jun  2 03:42:04 2019  elapsed time 00:00:00
Sun Jun  2 03:43:33 2019  
Sun Jun  2 03:43:33 2019  
Sun Jun  2 03:43:33 2019  Msieve v. 1.53 (SVN unknown)
Sun Jun  2 03:43:33 2019  random seeds: 05e85437 b835829e
Sun Jun  2 03:43:33 2019  factoring 99989935639102159999295836709939352991978998712817 (50 digits)
Sun Jun  2 03:43:33 2019  p1 factor: 7
Sun Jun  2 03:43:33 2019  p4 factor: 1217
Sun Jun  2 03:43:33 2019  p4 factor: 2971
Sun Jun  2 03:43:33 2019  p6 factor: 582851
Sun Jun  2 03:43:33 2019  p8 factor: 38377841
Sun Jun  2 03:43:33 2019  p30 factor: 176614734839279260440067645063
Sun Jun  2 03:43:33 2019  elapsed time 00:00:00
Sun Jun  2 16:02:13 2019  
Sun Jun  2 16:02:13 2019  
Sun Jun  2 16:02:13 2019  Msieve v. 1.53 (SVN unknown)
Sun Jun  2 16:02:13 2019  random seeds: 5f53d9f9 fb0b42ff
Sun Jun  2 16:02:13 2019  factoring 179 (3 digits)
Sun Jun  2 16:02:13 2019  p3 factor: 179
Sun Jun  2 16:02:13 2019  elapsed time 00:00:00
Sun Jun  2 16:02:20 2019  
Sun Jun  2 16:02:20 2019  
Sun Jun  2 16:02:20 2019  Msieve v. 1.53 (SVN unknown)
Sun Jun  2 16:02:20 2019  random seeds: c7865bd1 9b2cf587
Sun Jun  2 16:02:20 2019  factoring 179 (3 digits)
Sun Jun  2 16:02:20 2019  p3 factor: 179
Sun Jun  2 16:02:20 2019  elapsed time 00:00:00
Sun Jun  2 16:02:26 2019  
Sun Jun  2 16:02:26 2019  
Sun Jun  2 16:02:26 2019  Msieve v. 1.53 (SVN unknown)
Sun Jun  2 16:02:26 2019  random seeds: 894994c1 b9e214da
Sun Jun  2 16:02:26 2019  factoring 179 (3 digits)
Sun Jun  2 16:02:26 2019  p3 factor: 179
Sun Jun  2 16:02:26 2019  elapsed time 00:00:00
Sun Jun  2 16:02:26 2019  
Sun Jun  2 16:02:26 2019  
Sun Jun  2 16:02:26 2019  Msieve v. 1.53 (SVN unknown)
Sun Jun  2 16:02:26 2019  random seeds: e8590fdf 204224d5
Sun Jun  2 16:02:26 2019  factoring 179 (3 digits)
Sun Jun  2 16:02:26 2019  p3 factor: 179
Sun Jun  2 16:02:26 2019  elapsed time 00:00:00
Sun Jun  2 16:02:27 2019  
Sun Jun  2 16:02:27 2019  
Sun Jun  2 16:02:27 2019  Msieve v. 1.53 (SVN unknown)
Sun Jun  2 16:02:27 2019  random seeds: fcef977f 40300dc4
Sun Jun  2 16:02:27 2019  factoring 179 (3 digits)
Sun Jun  2 16:02:27 2019  p3 factor: 179
Sun Jun  2 16:02:27 2019  elapsed time 00:00:00
Sun Jun  2 16:02:28 2019  
Sun Jun  2 16:02:28 2019  
Sun Jun  2 16:02:28 2019  Msieve v. 1.53 (SVN unknown)
Sun Jun  2 16:02:28 2019  random seeds: 27617167 60b72a75
Sun Jun  2 16:02:28 2019  factoring 179 (3 digits)
Sun Jun  2 16:02:28 2019  p3 factor: 179
Sun Jun  2 16:02:28 2019  elapsed time 00:00:00
Sun Jun  2 16:02:29 2019  
Sun Jun  2 16:02:29 2019  
Sun Jun  2 16:02:29 2019  Msieve v. 1.53 (SVN unknown)
Sun Jun  2 16:02:29 2019  random seeds: 196f31c2 195573db
Sun Jun  2 16:02:29 2019  factoring 179 (3 digits)
Sun Jun  2 16:02:29 2019  p3 factor: 179
Sun Jun  2 16:02:29 2019  elapsed time 00:00:00
Sun Jun  2 16:02:29 2019  
Sun Jun  2 16:02:29 2019  
Sun Jun  2 16:02:29 2019  Msieve v. 1.53 (SVN unknown)
Sun Jun  2 16:02:29 2019  random seeds: 7bb93b54 613bc86b
Sun Jun  2 16:02:29 2019  factoring 179 (3 digits)
Sun Jun  2 16:02:29 2019  p3 factor: 179
Sun Jun  2 16:02:29 2019  elapsed time 00:00:00
Sun Jun  2 16:02:29 2019  
Sun Jun  2 16:02:29 2019  
Sun Jun  2 16:02:29 2019  Msieve v. 1.53 (SVN unknown)
Sun Jun  2 16:02:29 2019  random seeds: 1d40ea3b 47bf63d4
Sun Jun  2 16:02:29 2019  factoring 179 (3 digits)
Sun Jun  2 16:02:29 2019  p3 factor: 179
Sun Jun  2 16:02:29 2019  elapsed time 00:00:00
Sun Jun  2 16:02:29 2019  
Sun Jun  2 16:02:29 2019  
Sun Jun  2 16:02:29 2019  Msieve v. 1.53 (SVN unknown)
Sun Jun  2 16:02:29 2019  random seeds: 29be5e78 a83411f7
Sun Jun  2 16:02:29 2019  factoring 179 (3 digits)
Sun Jun  2 16:02:29 2019  p3 factor: 179
Sun Jun  2 16:02:29 2019  elapsed time 00:00:00
Sun Jun  2 16:02:30 2019  
Sun Jun  2 16:02:30 2019  
Sun Jun  2 16:02:30 2019  Msieve v. 1.53 (SVN unknown)
Sun Jun  2 16:02:30 2019  random seeds: f663abf5 017e1663
Sun Jun  2 16:02:30 2019  factoring 179 (3 digits)
Sun Jun  2 16:02:30 2019  p3 factor: 179
Sun Jun  2 16:02:30 2019  elapsed time 00:00:00
Sun Jun  2 16:02:30 2019  
Sun Jun  2 16:02:30 2019  
Sun Jun  2 16:02:30 2019  Msieve v. 1.53 (SVN unknown)
Sun Jun  2 16:02:30 2019  random seeds: 320f54eb 4a49539e
Sun Jun  2 16:02:30 2019  factoring 179 (3 digits)
Sun Jun  2 16:02:30 2019  p3 factor: 179
Sun Jun  2 16:02:30 2019  elapsed time 00:00:00
Sun Jun  2 16:02:30 2019  
Sun Jun  2 16:02:30 2019  
Sun Jun  2 16:02:30 2019  Msieve v. 1.53 (SVN unknown)
Sun Jun  2 16:02:30 2019  random seeds: ccf7c02f 995e9087
Sun Jun  2 16:02:30 2019  factoring 179 (3 digits)
Sun Jun  2 16:02:30 2019  p3 factor: 179
Sun Jun  2 16:02:30 2019  elapsed time 00:00:00
Sun Jun  2 16:02:31 2019  
Sun Jun  2 16:02:31 2019  
Sun Jun  2 16:02:31 2019  Msieve v. 1.53 (SVN unknown)
Sun Jun  2 16:02:31 2019  random seeds: 1d8aab0f d57341a5
Sun Jun  2 16:02:31 2019  factoring 179 (3 digits)
Sun Jun  2 16:02:31 2019  p3 factor: 179
Sun Jun  2 16:02:31 2019  elapsed time 00:00:00
Tue Jun  4 02:33:08 2019  
Tue Jun  4 02:33:08 2019  
Tue Jun  4 02:33:08 2019  Msieve v. 1.53 (SVN unknown)
Tue Jun  4 02:33:08 2019  random seeds: 76b4d456 f87d33ff
Tue Jun  4 02:33:08 2019  factoring 2871720801073784014687078878816652207406579335931853463179427522247774704737670682916704950253364508491366616966578989367311204101434949044428575332418901 (154 digits)
Tue Jun  4 02:33:09 2019  no P-1/P+1/ECM available, skipping
Tue Jun  4 02:33:09 2019  commencing quadratic sieve (152-digit input)
Tue Jun  4 02:33:10 2019  using multiplier of 1
Tue Jun  4 02:33:10 2019  using generic 32kb sieve core
Tue Jun  4 02:33:10 2019  sieve interval: 364 blocks of size 32768
Tue Jun  4 02:33:10 2019  processing polynomials in batches of 1
Tue Jun  4 02:33:10 2019  using a sieve bound of 40366649 (1225975 primes)
Tue Jun  4 02:33:10 2019  using large prime bound of 4294967295 (31 bits)
Tue Jun  4 02:33:10 2019  using double large prime bound of 218437776016143360 (51-58 bits)
Tue Jun  4 02:33:10 2019  using trial factoring cutoff of 58 bits
Tue Jun  4 02:33:10 2019  polynomial 'A' values have 16 factors
